<?xml version="1.0" encoding="UTF-8"?>
<testng-results ignored="0" total="1" passed="1" failed="0" skipped="0">
  <reporter-output>
  </reporter-output>
  <suite started-at="2022-07-01T11:59:21 PDT" name="Surefire suite" finished-at="2022-07-01T11:59:21 PDT" duration-ms="62">
    <groups>
    </groups>
    <test started-at="2022-07-01T11:59:21 PDT" name="Surefire test" finished-at="2022-07-01T11:59:21 PDT" duration-ms="62">
      <class name="com.SeleniumExamples.PractiseExampleInInterview.AppTest">
        <test-method signature="shouldAnswerWithTrue()" started-at="2022-07-01T11:59:21 PDT" name="shouldAnswerWithTrue" finished-at="2022-07-01T11:59:21 PDT" duration-ms="7" status="PASS">
          <reporter-output>
          </reporter-output>
        </test-method> <!-- shouldAnswerWithTrue -->
      </class> <!-- com.SeleniumExamples.PractiseExampleInInterview.AppTest -->
    </test> <!-- Surefire test -->
  </suite> <!-- Surefire suite -->
</testng-results>
