<?xml version="1.0" encoding="UTF-8"?>
<testng-results ignored="0" total="1" passed="1" failed="0" skipped="0">
  <reporter-output>
  </reporter-output>
  <suite started-at="2022-07-01T11:59:20 PDT" name="Surefire suite" finished-at="2022-07-01T11:59:20 PDT" duration-ms="146">
    <groups>
    </groups>
    <test started-at="2022-07-01T11:59:20 PDT" name="Surefire test" finished-at="2022-07-01T11:59:20 PDT" duration-ms="146">
      <class name="com.SeleniumExamples.PractiseExampleInInterview.TestCasesForAmstringNumber">
        <test-method signature="test()[pri:0, instance:com.SeleniumExamples.PractiseExampleInInterview.TestCasesForAmstringNumber@5542c4ed]" started-at="2022-07-01T11:59:20 PDT" name="test" finished-at="2022-07-01T11:59:20 PDT" duration-ms="21" status="PASS">
          <reporter-output>
          </reporter-output>
        </test-method> <!-- test -->
      </class> <!-- com.SeleniumExamples.PractiseExampleInInterview.TestCasesForAmstringNumber -->
    </test> <!-- Surefire test -->
  </suite> <!-- Surefire suite -->
</testng-results>
